<?xml version="1.0" encoding="UTF-8"?>
<!-- Generated by org.testng.reporters.JUnitXMLReporter -->
<testsuite hostname="LAPTOP-ULDPTUOA" ignored="0" name="Default test" tests="6" failures="0" timestamp="28 Oct 2020 17:44:46 GMT" time="21.096" errors="0">
  <testcase name="GetUser" time="2.7" classname="com.qa.RestAssured.UserAPI.UserAPI"/>
  <testcase name="Get_TheUserSession" time="2.176" classname="com.qa.RestAssured.UserAPI.UserAPI"/>
  <testcase name="LoggOff_session_User" time="1.949" classname="com.qa.RestAssured.UserAPI.UserAPI"/>
  <testcase name="Get_withList" time="1.915" classname="com.qa.RestAssured.UserAPI.UserAPI"/>
  <testcase name="Delete_User" time="1.689" classname="com.qa.RestAssured.UserAPI.UserAPI"/>
  <testcase name="Put_ApiCall" time="1.949" classname="com.qa.RestAssured.UserAPI.UserAPI"/>
</testsuite> <!-- Default test -->
