<?xml version="1.0" encoding="UTF-8"?>
<testng-results skipped="0" failed="0" ignored="0" total="1" passed="1">
  <reporter-output>
  </reporter-output>
  <suite name="Default suite" duration-ms="3261" started-at="2020-10-27T09:29:45Z" finished-at="2020-10-27T09:29:48Z">
    <groups>
    </groups>
    <test name="Default test" duration-ms="3261" started-at="2020-10-27T09:29:45Z" finished-at="2020-10-27T09:29:48Z">
      <class name="com.qa.RestAssured_APIMethods.PostCall_CreateUserArrayList">
        <test-method status="PASS" signature="CreateUser_withList()[pri:5, instance:com.qa.RestAssured_APIMethods.PostCall_CreateUserArrayList@105fece7]" name="CreateUser_withList" duration-ms="3241" started-at="2020-10-27T09:29:45Z" finished-at="2020-10-27T09:29:48Z">
          <reporter-output>
          </reporter-output>
        </test-method> <!-- CreateUser_withList -->
      </class> <!-- com.qa.RestAssured_APIMethods.PostCall_CreateUserArrayList -->
    </test> <!-- Default test -->
  </suite> <!-- Default suite -->
</testng-results>
